[     105ms] [LOG] [Fast Refresh] rebuilding @ http://localhost:3002/_next/static/chunks/node_modules_next_dist_f3530cac._.js:2297
[    1350ms] [LOG] [Fast Refresh] done in 1345ms @ http://localhost:3002/_next/static/chunks/node_modules_next_dist_f3530cac._.js:2297
[    1447ms] [INFO] %cDownload the React DevTools for a better development experience: https://react.dev/link/react-devtools font-weight:bold @ http://localhost:3002/_next/static/chunks/node_modules_next_dist_f3530cac._.js:2297
[    1462ms] [LOG] [HMR] connected @ http://localhost:3002/_next/static/chunks/node_modules_next_dist_f3530cac._.js:2297
[   79206ms] [LOG] [Fast Refresh] rebuilding @ http://localhost:3002/_next/static/chunks/node_modules_next_dist_f3530cac._.js:2297
[   79306ms] [LOG] [Fast Refresh] done in 185ms @ http://localhost:3002/_next/static/chunks/node_modules_next_dist_f3530cac._.js:2297
[   87282ms] [LOG] [Fast Refresh] rebuilding @ http://localhost:3002/_next/static/chunks/node_modules_next_dist_f3530cac._.js:2297
[   87283ms] [LOG] [Fast Refresh] done in 102ms @ http://localhost:3002/_next/static/chunks/node_modules_next_dist_f3530cac._.js:2297
[  100925ms] [LOG] [Fast Refresh] rebuilding @ http://localhost:3002/_next/static/chunks/node_modules_next_dist_f3530cac._.js:2297
[  101570ms] [LOG] [Fast Refresh] done in 121ms @ http://localhost:3002/_next/static/chunks/node_modules_next_dist_f3530cac._.js:2297
[  101625ms] [LOG] [Fast Refresh] rebuilding @ http://localhost:3002/_next/static/chunks/node_modules_next_dist_f3530cac._.js:2297
[  101626ms] [WARNING] [HMR] Invalid message: {"isTrusted":true}
TypeError: Cannot convert undefined or null to object
    at Object.keys (<anonymous>)
    at extractModulesFromTurbopackMessage (http://localhost:3002/_next/static/chunks/node_modules_next_dist_client_17643121._.js:11210:39)
    at TurbopackHmr.onTurbopackMessage (http://localhost:3002/_next/static/chunks/node_modules_next_dist_client_17643121._.js:11157:32)
    at processMessage (http://localhost:3002/_next/static/chunks/node_modules_next_dist_client_17643121._.js:11589:30)
    at WebSocket.handleMessage (http://localhost:3002/_next/static/chunks/node_modules_next_dist_client_17643121._.js:10914:52) @ http://localhost:3002/_next/static/chunks/node_modules_next_dist_f3530cac._.js:2297
[  101669ms] [LOG] [Fast Refresh] done in 37ms @ http://localhost:3002/_next/static/chunks/node_modules_next_dist_f3530cac._.js:2297
[  101735ms] ReferenceError: Navbar is not defined
    at LeaderboardPage (about://React/Server/file:///Users/pubs/Local/01.code/gotimer/.next/dev/server/chunks/ssr/%5Broot-of-the-server%5D__ce6bf16e._.js?71:525:265)
    at resolveErrorDev (http://localhost:3002/_next/static/chunks/node_modules_next_dist_compiled_react-server-dom-turbopack_9212ccad._.js:1894:148)
    at processFullStringRow (http://localhost:3002/_next/static/chunks/node_modules_next_dist_compiled_react-server-dom-turbopack_9212ccad._.js:2402:29)
    at processFullBinaryRow (http://localhost:3002/_next/static/chunks/node_modules_next_dist_compiled_react-server-dom-turbopack_9212ccad._.js:2361:9)
    at processBinaryChunk (http://localhost:3002/_next/static/chunks/node_modules_next_dist_compiled_react-server-dom-turbopack_9212ccad._.js:2470:221)
    at progress (http://localhost:3002/_next/static/chunks/node_modules_next_dist_compiled_react-server-dom-turbopack_9212ccad._.js:2640:13)
[  131139ms] [LOG] [Fast Refresh] rebuilding @ http://localhost:3002/_next/static/chunks/node_modules_next_dist_f3530cac._.js:2297
[  131140ms] [WARNING] [Fast Refresh] performing full reload because your application had an unrecoverable error @ http://localhost:3002/_next/static/chunks/node_modules_next_dist_f3530cac._.js:2297
[  131802ms] [INFO] %cDownload the React DevTools for a better development experience: https://react.dev/link/react-devtools font-weight:bold @ http://localhost:3002/_next/static/chunks/node_modules_next_dist_f3530cac._.js:2297
[  131837ms] [LOG] [HMR] connected @ http://localhost:3002/_next/static/chunks/node_modules_next_dist_f3530cac._.js:2297
[  169078ms] [LOG] [Fast Refresh] rebuilding @ http://localhost:3002/_next/static/chunks/node_modules_next_dist_f3530cac._.js:2297
[  169269ms] [LOG] [Fast Refresh] done in 268ms @ http://localhost:3002/_next/static/chunks/node_modules_next_dist_f3530cac._.js:2297
[  174135ms] [LOG] [Fast Refresh] rebuilding @ http://localhost:3002/_next/static/chunks/node_modules_next_dist_f3530cac._.js:2297
[  174219ms] [ERROR] ./src/app/challenges/page.tsx:270:7
Parsing ecmascript source code failed
  268 |         </div>
  269 |       </div>
> 270 |     </main>
      |       ^^^^
  271 |   );
  272 | }
  273 |

Expected corresponding JSX closing tag for <ArenaLayout>

Import traces:
  Client Component Browser:
    ./src/app/challenges/page.tsx [Client Component Browser]
    ./src/app/challenges/page.tsx [Server Component]

  Client Component SSR:
    ./src/app/challenges/page.tsx [Client Component SSR]
    ./src/app/challenges/page.tsx [Server Component] @ http://localhost:3002/_next/static/chunks/node_modules_next_dist_f3530cac._.js:3127
[  195162ms] [LOG] [Fast Refresh] rebuilding @ http://localhost:3002/_next/static/chunks/node_modules_next_dist_f3530cac._.js:2297
[  195238ms] [LOG] [Fast Refresh] done in 171ms @ http://localhost:3002/_next/static/chunks/node_modules_next_dist_f3530cac._.js:2297
[  202582ms] [LOG] [Fast Refresh] rebuilding @ http://localhost:3002/_next/static/chunks/node_modules_next_dist_f3530cac._.js:2297
[  203020ms] [LOG] [Fast Refresh] done in 541ms @ http://localhost:3002/_next/static/chunks/node_modules_next_dist_f3530cac._.js:2297
