[     125ms] [LOG] [Fast Refresh] rebuilding @ http://localhost:3002/_next/static/chunks/node_modules_next_dist_f3530cac._.js:2297
[     390ms] [LOG] [Fast Refresh] done in 366ms @ http://localhost:3002/_next/static/chunks/node_modules_next_dist_f3530cac._.js:2297
[     543ms] [INFO] %cDownload the React DevTools for a better development experience: https://react.dev/link/react-devtools font-weight:bold @ http://localhost:3002/_next/static/chunks/node_modules_next_dist_f3530cac._.js:2297
[     600ms] [LOG] [HMR] connected @ http://localhost:3002/_next/static/chunks/node_modules_next_dist_f3530cac._.js:2297
[    6053ms] [LOG] [Fast Refresh] rebuilding @ http://localhost:3002/_next/static/chunks/node_modules_next_dist_f3530cac._.js:2297
[    6068ms] [LOG] [Fast Refresh] done in 116ms @ http://localhost:3002/_next/static/chunks/node_modules_next_dist_f3530cac._.js:2297
[   85323ms] [LOG] [Fast Refresh] rebuilding @ http://localhost:3002/_next/static/chunks/node_modules_next_dist_f3530cac._.js:2297
[   85654ms] [ERROR] ./src/app/challenges/[id]/page.tsx:523:1
Parsing ecmascript source code failed
  521 |     </main>
  522 |   );
> 523 | }
      | ^
  524 |

Unexpected token. Did you mean `{'}'}` or `&rbrace;`?

Import traces:
  Client Component Browser:
    ./src/app/challenges/[id]/page.tsx [Client Component Browser]
    ./src/app/challenges/[id]/page.tsx [Server Component]

  Client Component SSR:
    ./src/app/challenges/[id]/page.tsx [Client Component SSR]
    ./src/app/challenges/[id]/page.tsx [Server Component] @ http://localhost:3002/_next/static/chunks/node_modules_next_dist_f3530cac._.js:3127
[  108719ms] [LOG] [Fast Refresh] rebuilding @ http://localhost:3002/_next/static/chunks/node_modules_next_dist_f3530cac._.js:2297
[  108814ms] [LOG] [Fast Refresh] done in 161ms @ http://localhost:3002/_next/static/chunks/node_modules_next_dist_f3530cac._.js:2297
