[     191ms] [INFO] %cDownload the React DevTools for a better development experience: https://react.dev/link/react-devtools font-weight:bold @ http://localhost:3002/_next/static/chunks/node_modules_next_dist_f3530cac._.js:2297
[     247ms] [LOG] [HMR] connected @ http://localhost:3002/_next/static/chunks/node_modules_next_dist_f3530cac._.js:2297
[    5688ms] [LOG] [Fast Refresh] rebuilding @ http://localhost:3002/_next/static/chunks/node_modules_next_dist_f3530cac._.js:2297
[    5710ms] [LOG] [Fast Refresh] done in 122ms @ http://localhost:3002/_next/static/chunks/node_modules_next_dist_f3530cac._.js:2297
[   25285ms] [LOG] [Fast Refresh] rebuilding @ http://localhost:3002/_next/static/chunks/node_modules_next_dist_f3530cac._.js:2297
[   25327ms] [LOG] [Fast Refresh] done in 144ms @ http://localhost:3002/_next/static/chunks/node_modules_next_dist_f3530cac._.js:2297
[   38406ms] [LOG] [Fast Refresh] rebuilding @ http://localhost:3002/_next/static/chunks/node_modules_next_dist_f3530cac._.js:2297
[   38414ms] [LOG] [Fast Refresh] done in 109ms @ http://localhost:3002/_next/static/chunks/node_modules_next_dist_f3530cac._.js:2297
[  167583ms] [LOG] [Fast Refresh] rebuilding @ http://localhost:3002/_next/static/chunks/node_modules_next_dist_f3530cac._.js:2297
[  167601ms] [LOG] [Fast Refresh] done in 119ms @ http://localhost:3002/_next/static/chunks/node_modules_next_dist_f3530cac._.js:2297
[  359643ms] [LOG] [Fast Refresh] rebuilding @ http://localhost:3002/_next/static/chunks/node_modules_next_dist_f3530cac._.js:2297
[  359968ms] [LOG] [Fast Refresh] done in 406ms @ http://localhost:3002/_next/static/chunks/node_modules_next_dist_f3530cac._.js:2297
[  397383ms] [LOG] [Fast Refresh] rebuilding @ http://localhost:3002/_next/static/chunks/node_modules_next_dist_f3530cac._.js:2297
[  397405ms] [LOG] [Fast Refresh] done in 124ms @ http://localhost:3002/_next/static/chunks/node_modules_next_dist_f3530cac._.js:2297
[  442647ms] [LOG] [Fast Refresh] rebuilding @ http://localhost:3002/_next/static/chunks/node_modules_next_dist_f3530cac._.js:2297
[  442827ms] [LOG] [Fast Refresh] done in 256ms @ http://localhost:3002/_next/static/chunks/node_modules_next_dist_f3530cac._.js:2297
[  450483ms] [LOG] [Fast Refresh] rebuilding @ http://localhost:3002/_next/static/chunks/node_modules_next_dist_f3530cac._.js:2297
[  450949ms] [LOG] [Fast Refresh] done in 569ms @ http://localhost:3002/_next/static/chunks/node_modules_next_dist_f3530cac._.js:2297
[  500775ms] [LOG] [Fast Refresh] rebuilding @ http://localhost:3002/_next/static/chunks/node_modules_next_dist_f3530cac._.js:2297
[  500780ms] [LOG] [Fast Refresh] done in 107ms @ http://localhost:3002/_next/static/chunks/node_modules_next_dist_f3530cac._.js:2297
[  510138ms] [LOG] [Fast Refresh] rebuilding @ http://localhost:3002/_next/static/chunks/node_modules_next_dist_f3530cac._.js:2297
[  510661ms] [LOG] [Fast Refresh] done in 624ms @ http://localhost:3002/_next/static/chunks/node_modules_next_dist_f3530cac._.js:2297
[  510765ms] [LOG] [Fast Refresh] rebuilding @ http://localhost:3002/_next/static/chunks/node_modules_next_dist_f3530cac._.js:2297
[  511308ms] [LOG] [Fast Refresh] done in 646ms @ http://localhost:3002/_next/static/chunks/node_modules_next_dist_f3530cac._.js:2297
