[     107ms] [LOG] [Fast Refresh] rebuilding @ http://localhost:3000/_next/static/chunks/node_modules_next_dist_f3530cac._.js:2297
[     303ms] [LOG] [Fast Refresh] done in 296ms @ http://localhost:3000/_next/static/chunks/node_modules_next_dist_f3530cac._.js:2297
[     500ms] [INFO] %cDownload the React DevTools for a better development experience: https://react.dev/link/react-devtools font-weight:bold @ http://localhost:3000/_next/static/chunks/node_modules_next_dist_f3530cac._.js:2297
[     520ms] [LOG] [HMR] connected @ http://localhost:3000/_next/static/chunks/node_modules_next_dist_f3530cac._.js:2297
[     597ms] [WARNING] Image with src "/mascots/prof-studying.png" has either width or height modified, but not the other. If you use CSS to change the size of your image, also include the styles 'width: "auto"' or 'height: "auto"' to maintain the aspect ratio. @ http://localhost:3000/_next/static/chunks/node_modules_next_dist_f3530cac._.js:2297
[     682ms] [LOG] [Fast Refresh] rebuilding @ http://localhost:3000/_next/static/chunks/node_modules_next_dist_f3530cac._.js:2297
[     721ms] [LOG] [Fast Refresh] done in 139ms @ http://localhost:3000/_next/static/chunks/node_modules_next_dist_f3530cac._.js:2297
[     935ms] [WARNING] Image with src "/mascots/prof-studying.png" was detected as the Largest Contentful Paint (LCP). Please add the `loading="eager"` property if this image is above the fold.
Read more: https://nextjs.org/docs/app/api-reference/components/image#loading @ http://localhost:3000/_next/static/chunks/node_modules_next_dist_f3530cac._.js:2297
[    8547ms] [ERROR] WebSocket connection to 'ws://localhost:3000/_next/webpack-hmr?id=1zd8Jt-rQSVtltOo1IgD6' failed:  @ http://localhost:3000/_next/static/chunks/node_modules_next_dist_client_17643121._.js:10878
[    9551ms] [ERROR] WebSocket connection to 'ws://localhost:3000/_next/webpack-hmr?id=1zd8Jt-rQSVtltOo1IgD6' failed: Error in connection establishment: net::ERR_CONNECTION_REFUSED @ http://localhost:3000/_next/static/chunks/node_modules_next_dist_client_17643121._.js:10878
[   10553ms] [ERROR] WebSocket connection to 'ws://localhost:3000/_next/webpack-hmr?id=1zd8Jt-rQSVtltOo1IgD6' failed: Error in connection establishment: net::ERR_CONNECTION_REFUSED @ http://localhost:3000/_next/static/chunks/node_modules_next_dist_client_17643121._.js:10878
[   11556ms] [ERROR] WebSocket connection to 'ws://localhost:3000/_next/webpack-hmr?id=1zd8Jt-rQSVtltOo1IgD6' failed: Error in connection establishment: net::ERR_CONNECTION_REFUSED @ http://localhost:3000/_next/static/chunks/node_modules_next_dist_client_17643121._.js:10878
[   12561ms] [ERROR] WebSocket connection to 'ws://localhost:3000/_next/webpack-hmr?id=1zd8Jt-rQSVtltOo1IgD6' failed: Error in connection establishment: net::ERR_CONNECTION_REFUSED @ http://localhost:3000/_next/static/chunks/node_modules_next_dist_client_17643121._.js:10878
[   13565ms] [ERROR] WebSocket connection to 'ws://localhost:3000/_next/webpack-hmr?id=1zd8Jt-rQSVtltOo1IgD6' failed: Error in connection establishment: net::ERR_CONNECTION_REFUSED @ http://localhost:3000/_next/static/chunks/node_modules_next_dist_client_17643121._.js:10878
[   18576ms] [ERROR] WebSocket connection to 'ws://localhost:3000/_next/webpack-hmr?id=1zd8Jt-rQSVtltOo1IgD6' failed: Error in connection establishment: net::ERR_CONNECTION_REFUSED @ http://localhost:3000/_next/static/chunks/node_modules_next_dist_client_17643121._.js:10878
[   23587ms] [ERROR] WebSocket connection to 'ws://localhost:3000/_next/webpack-hmr?id=1zd8Jt-rQSVtltOo1IgD6' failed: Error in connection establishment: net::ERR_CONNECTION_REFUSED @ http://localhost:3000/_next/static/chunks/node_modules_next_dist_client_17643121._.js:10878
[   28600ms] [ERROR] WebSocket connection to 'ws://localhost:3000/_next/webpack-hmr?id=1zd8Jt-rQSVtltOo1IgD6' failed: Error in connection establishment: net::ERR_CONNECTION_REFUSED @ http://localhost:3000/_next/static/chunks/node_modules_next_dist_client_17643121._.js:10878
[   33628ms] [ERROR] WebSocket connection to 'ws://localhost:3000/_next/webpack-hmr?id=1zd8Jt-rQSVtltOo1IgD6' failed: Error in connection establishment: net::ERR_CONNECTION_REFUSED @ http://localhost:3000/_next/static/chunks/node_modules_next_dist_client_17643121._.js:10878
[   38656ms] [ERROR] WebSocket connection to 'ws://localhost:3000/_next/webpack-hmr?id=1zd8Jt-rQSVtltOo1IgD6' failed: Error in connection establishment: net::ERR_CONNECTION_REFUSED @ http://localhost:3000/_next/static/chunks/node_modules_next_dist_client_17643121._.js:10878
[   43711ms] [ERROR] WebSocket connection to 'ws://localhost:3000/_next/webpack-hmr?id=1zd8Jt-rQSVtltOo1IgD6' failed: Error in connection establishment: net::ERR_CONNECTION_REFUSED @ http://localhost:3000/_next/static/chunks/node_modules_next_dist_client_17643121._.js:10878
[   48986ms] [ERROR] WebSocket connection to 'ws://localhost:3000/_next/webpack-hmr?id=1zd8Jt-rQSVtltOo1IgD6' failed: Error in connection establishment: net::ERR_CONNECTION_REFUSED @ http://localhost:3000/_next/static/chunks/node_modules_next_dist_client_17643121._.js:10878
